time          10   type Hello_packet   recID           6   pktID         12   srcID           6   dstID 4294967295   preID          6   nexID 4294967295
time          10   type  Hello_packet   senID           6   pktID         12   srcID           6   dstID 4294967295   preID          6   nexID 4294967295
time          10   type Hello_packet   recID           1   pktID          2   srcID           1   dstID 4294967295   preID          1   nexID 4294967295
time          10   type  Hello_packet   senID           1   pktID          2   srcID           1   dstID 4294967295   preID          1   nexID 4294967295
time          20   type Hello_packet   recID           0   pktID          2   srcID           1   dstID 4294967295   preID          1   nexID 4294967295
time          20   type Hello_packet   recID           7   pktID         12   srcID           6   dstID 4294967295   preID          6   nexID 4294967295
time          20   type Hello_packet   recID           3   pktID          2   srcID           1   dstID 4294967295   preID          1   nexID 4294967295
time          20   type Hello_packet   recID           2   pktID          4   srcID           2   dstID 4294967295   preID          2   nexID 4294967295
time          20   type Hello_packet   recID           9   pktID         18   srcID           9   dstID 4294967295   preID          9   nexID 4294967295
time          20   type  Hello_packet   senID           9   pktID         18   srcID           9   dstID 4294967295   preID          9   nexID 4294967295
time          20   type Hello_packet   recID           0   pktID         12   srcID           6   dstID 4294967295   preID          6   nexID 4294967295
time          20   type  Hello_packet   senID           2   pktID          4   srcID           2   dstID 4294967295   preID          2   nexID 4294967295
time          20   type Hello_packet   recID           7   pktID         14   srcID           7   dstID 4294967295   preID          7   nexID 4294967295
time          20   type  Hello_packet   senID           7   pktID         14   srcID           7   dstID 4294967295   preID          7   nexID 4294967295
time          20   type Hello_packet   recID           8   pktID         16   srcID           8   dstID 4294967295   preID          8   nexID 4294967295
time          20   type Hello_packet   recID           5   pktID         10   srcID           5   dstID 4294967295   preID          5   nexID 4294967295
time          20   type Hello_packet   recID          10   pktID         20   srcID          10   dstID 4294967295   preID         10   nexID 4294967295
time          20   type  Hello_packet   senID           5   pktID         10   srcID           5   dstID 4294967295   preID          5   nexID 4294967295
time          20   type  Hello_packet   senID           8   pktID         16   srcID           8   dstID 4294967295   preID          8   nexID 4294967295
time          20   type Hello_packet   recID           4   pktID          8   srcID           4   dstID 4294967295   preID          4   nexID 4294967295
time          20   type  Hello_packet   senID           4   pktID          8   srcID           4   dstID 4294967295   preID          4   nexID 4294967295
time          20   type  Hello_packet   senID          10   pktID         20   srcID          10   dstID 4294967295   preID         10   nexID 4294967295
time          30   type Hello_packet   recID           5   pktID         16   srcID           8   dstID 4294967295   preID          8   nexID 4294967295
time          30   type Hello_packet   recID           8   pktID          8   srcID           4   dstID 4294967295   preID          4   nexID 4294967295
time          30   type Hello_packet   recID           4   pktID         18   srcID           9   dstID 4294967295   preID          9   nexID 4294967295
time          30   type Hello_packet   recID          10   pktID          8   srcID           4   dstID 4294967295   preID          4   nexID 4294967295
time          30   type Hello_packet   recID           2   pktID          8   srcID           4   dstID 4294967295   preID          4   nexID 4294967295
time          30   type Hello_packet   recID           9   pktID         10   srcID           5   dstID 4294967295   preID          5   nexID 4294967295
time          30   type Hello_packet   recID           4   pktID          4   srcID           2   dstID 4294967295   preID          2   nexID 4294967295
time          30   type Hello_packet   recID           6   pktID         14   srcID           7   dstID 4294967295   preID          7   nexID 4294967295
time          30   type Hello_packet   recID           2   pktID         18   srcID           9   dstID 4294967295   preID          9   nexID 4294967295
time          30   type Hello_packet   recID           9   pktID         20   srcID          10   dstID 4294967295   preID         10   nexID 4294967295
time          30   type Hello_packet   recID          10   pktID         10   srcID           5   dstID 4294967295   preID          5   nexID 4294967295
time          30   type Hello_packet   recID           4   pktID         16   srcID           8   dstID 4294967295   preID          8   nexID 4294967295
time          30   type Hello_packet   recID          10   pktID         16   srcID           8   dstID 4294967295   preID          8   nexID 4294967295
time          30   type Hello_packet   recID           4   pktID         20   srcID          10   dstID 4294967295   preID         10   nexID 4294967295
time          30   type Hello_packet   recID           0   pktID         14   srcID           7   dstID 4294967295   preID          7   nexID 4294967295
time          30   type Hello_packet   recID           5   pktID         20   srcID          10   dstID 4294967295   preID         10   nexID 4294967295
time          30   type Hello_packet   recID          10   pktID         18   srcID           9   dstID 4294967295   preID          9   nexID 4294967295
time          30   type Hello_packet   recID           2   pktID         20   srcID          10   dstID 4294967295   preID         10   nexID 4294967295
time          30   type Hello_packet   recID           8   pktID         18   srcID           9   dstID 4294967295   preID          9   nexID 4294967295
time          30   type Hello_packet   recID          10   pktID          4   srcID           2   dstID 4294967295   preID          2   nexID 4294967295
time          30   type Hello_packet   recID           2   pktID         10   srcID           5   dstID 4294967295   preID          5   nexID 4294967295
time          30   type Hello_packet   recID           5   pktID          4   srcID           2   dstID 4294967295   preID          2   nexID 4294967295
time          30   type Hello_packet   recID           9   pktID         16   srcID           8   dstID 4294967295   preID          8   nexID 4294967295
time          30   type Hello_packet   recID           8   pktID          4   srcID           2   dstID 4294967295   preID          2   nexID 4294967295
time          30   type Hello_packet   recID           4   pktID         10   srcID           5   dstID 4294967295   preID          5   nexID 4294967295
time          30   type Hello_packet   recID           0   pktID          4   srcID           2   dstID 4294967295   preID          2   nexID 4294967295
time          30   type Hello_packet   recID           8   pktID         10   srcID           5   dstID 4294967295   preID          5   nexID 4294967295
time          30   type Hello_packet   recID           9   pktID          4   srcID           2   dstID 4294967295   preID          2   nexID 4294967295
time          30   type Hello_packet   recID           5   pktID         18   srcID           9   dstID 4294967295   preID          9   nexID 4294967295
time          30   type Hello_packet   recID           9   pktID          8   srcID           4   dstID 4294967295   preID          4   nexID 4294967295
time          30   type Hello_packet   recID           8   pktID         20   srcID          10   dstID 4294967295   preID         10   nexID 4294967295
time          30   type Hello_packet   recID           5   pktID          8   srcID           4   dstID 4294967295   preID          4   nexID 4294967295
time          30   type Hello_packet   recID           2   pktID         16   srcID           8   dstID 4294967295   preID          8   nexID 4294967295
time          50   type Hello_packet   recID           0   pktID          0   srcID           0   dstID 4294967295   preID          0   nexID 4294967295
time          50   type  Hello_packet   senID           0   pktID          0   srcID           0   dstID 4294967295   preID          0   nexID 4294967295
time          60   type Hello_packet   recID           6   pktID          0   srcID           0   dstID 4294967295   preID          0   nexID 4294967295
time          60   type Hello_packet   recID           3   pktID          0   srcID           0   dstID 4294967295   preID          0   nexID 4294967295
time          60   type Hello_packet   recID           7   pktID          0   srcID           0   dstID 4294967295   preID          0   nexID 4294967295
time          60   type Hello_packet   recID           1   pktID          0   srcID           0   dstID 4294967295   preID          0   nexID 4294967295
time          60   type Hello_packet   recID           2   pktID          0   srcID           0   dstID 4294967295   preID          0   nexID 4294967295
time          70   type  Rep_packet   recID           1   pktID          3   srcID           1   dstID 4294967295   preID          1   nexID 4294967295
time          70   type  Rep_packet   recID           7   pktID         15   srcID           7   dstID 4294967295   preID          7   nexID 4294967295
time          70   type  Rep_packet   recID           3   pktID          7   srcID           3   dstID 4294967295   preID          3   nexID 4294967295
time          70   type  Rep_packet   recID           4   pktID          9   srcID           4   dstID 4294967295   preID          4   nexID 4294967295
time          70   type  Rep_packet   recID           0   pktID          1   srcID           0   dstID 4294967295   preID          0   nexID 4294967295
time          70   type   Rep_packet   senID           0   pktID          1   srcID           0   dstID 4294967295   preID          0   nexID          2
time          70   type  Rep_packet   recID           8   pktID         17   srcID           8   dstID 4294967295   preID          8   nexID 4294967295
time          70   type   Rep_packet   senID           8   pktID         17   srcID           8   dstID 4294967295   preID          8   nexID          2
time          70   type  Rep_packet   recID          10   pktID         21   srcID          10   dstID 4294967295   preID         10   nexID 4294967295
time          70   type   Rep_packet   senID          10   pktID         21   srcID          10   dstID 4294967295   preID         10   nexID          5
time          70   type   Rep_packet   senID           1   pktID          3   srcID           1   dstID 4294967295   preID          1   nexID          0
time          70   type  Rep_packet   recID           9   pktID         19   srcID           9   dstID 4294967295   preID          9   nexID 4294967295
time          70   type   Rep_packet   senID           9   pktID         19   srcID           9   dstID 4294967295   preID          9   nexID          5
time          70   type  Rep_packet   recID           6   pktID         13   srcID           6   dstID 4294967295   preID          6   nexID 4294967295
time          70   type   Rep_packet   senID           6   pktID         13   srcID           6   dstID 4294967295   preID          6   nexID          7
time          70   type  Rep_packet   recID           2   pktID          5   srcID           2   dstID 4294967295   preID          2   nexID 4294967295
time          70   type   Rep_packet   senID           3   pktID          7   srcID           3   dstID 4294967295   preID          3   nexID          0
time          70   type   Rep_packet   senID           4   pktID          9   srcID           4   dstID 4294967295   preID          4   nexID          5
time          70   type   Rep_packet   senID           2   pktID          5   srcID           2   dstID 4294967295   preID          2   nexID          0
time          70   type  Rep_packet   recID           5   pktID         11   srcID           5   dstID 4294967295   preID          5   nexID 4294967295
time          70   type   Rep_packet   senID           5   pktID         11   srcID           5   dstID 4294967295   preID          5   nexID          2
time          80   type  Rep_packet   recID           2   pktID         11   srcID           5   dstID 4294967295   preID          5   nexID          2
time          80   type  Rep_packet   recID           5   pktID         19   srcID           9   dstID 4294967295   preID          9   nexID          5
time          80   type  Rep_packet   recID           0   pktID          5   srcID           2   dstID 4294967295   preID          2   nexID          0
time          80   type   Rep_packet   senID           2   pktID         11   srcID           5   dstID 4294967295   preID          2   nexID          0
time          80   type  Rep_packet   recID           2   pktID         17   srcID           8   dstID 4294967295   preID          8   nexID          2
time          80   type   Rep_packet   senID           2   pktID         17   srcID           8   dstID 4294967295   preID          2   nexID          0
time          80   type  Rep_packet   recID           0   pktID          7   srcID           3   dstID 4294967295   preID          3   nexID          0
time          80   type   Rep_packet   senID           0   pktID          7   srcID           3   dstID 4294967295   preID          0   nexID          7
time          80   type   Rep_packet   senID           0   pktID          5   srcID           2   dstID 4294967295   preID          0   nexID          7
time          80   type  Rep_packet   recID           2   pktID          1   srcID           0   dstID 4294967295   preID          0   nexID          2
time          80   type  Rep_packet   recID           5   pktID          9   srcID           4   dstID 4294967295   preID          4   nexID          5
time          80   type  Rep_packet   recID           0   pktID          3   srcID           1   dstID 4294967295   preID          1   nexID          0
time          80   type  Rep_packet   recID           5   pktID         21   srcID          10   dstID 4294967295   preID         10   nexID          5
time          80   type  Rep_packet   recID           7   pktID         13   srcID           6   dstID 4294967295   preID          6   nexID          7
time          80   type   Rep_packet   senID           0   pktID          3   srcID           1   dstID 4294967295   preID          0   nexID          2
time          80   type   Rep_packet   senID           2   pktID          1   srcID           0   dstID 4294967295   preID          2   nexID          5
time          90   type  Rep_packet   recID           5   pktID          1   srcID           0   dstID 4294967295   preID          2   nexID          5
time          90   type  Rep_packet   recID           2   pktID          3   srcID           1   dstID 4294967295   preID          0   nexID          2
time          90   type   Rep_packet   senID           2   pktID          3   srcID           1   dstID 4294967295   preID          2   nexID          5
time          90   type  Rep_packet   recID           7   pktID          7   srcID           3   dstID 4294967295   preID          0   nexID          7
time          90   type  Rep_packet   recID           7   pktID          5   srcID           2   dstID 4294967295   preID          0   nexID          7
time          90   type  Rep_packet   recID           0   pktID         11   srcID           5   dstID 4294967295   preID          2   nexID          0
time          90   type  Rep_packet   recID           0   pktID         17   srcID           8   dstID 4294967295   preID          2   nexID          0
time          90   type   Rep_packet   senID           0   pktID         17   srcID           8   dstID 4294967295   preID          0   nexID          7
time          90   type   Rep_packet   senID           0   pktID         11   srcID           5   dstID 4294967295   preID          0   nexID          7
time         100   type   GR_packet   recID           0   pktID         22   srcID           0   dstID          1   preID          0   nexID          0
time         100   type    GR_packet   senID           0   pktID         22   srcID           0   dstID          1   preID          0   nexID          1
time         100   type  Rep_packet   recID           7   pktID         11   srcID           5   dstID 4294967295   preID          0   nexID          7
time         100   type  Rep_packet   recID           5   pktID          3   srcID           1   dstID 4294967295   preID          2   nexID          5
time         100   type  Rep_packet   recID           7   pktID         17   srcID           8   dstID 4294967295   preID          0   nexID          7
time         110   type   GR_packet   recID           1   pktID         22   srcID           0   dstID          1   preID          0   nexID          1
time         120   type   GR_packet   recID           2   pktID         23   srcID           2   dstID          8   preID          2   nexID          2
time         120   type    GR_packet   senID           2   pktID         23   srcID           2   dstID          8   preID          2   nexID          8
time         130   type   GR_packet   recID           8   pktID         23   srcID           2   dstID          8   preID          2   nexID          8
time         140   type   GR_packet   recID           9   pktID         24   srcID           9   dstID          3   preID          9   nexID          9
time         140   type   Ret_packet   senID           9   pktID         25   srcID           9   dstID 4294967295   preID          9   nexID          2
time         150   type  Ret_packet   recID           2   pktID         25   srcID           9   dstID 4294967295   preID          9   nexID          2
time         150   type   Ret_packet   senID           2   pktID         25   srcID           9   dstID 4294967295   preID          2   nexID          0
time         160   type  Ret_packet   recID           0   pktID         25   srcID           9   dstID 4294967295   preID          2   nexID          0
time         160   type   Ret_packet   senID           0   pktID         25   srcID           9   dstID 4294967295   preID          0   nexID          7
time         170   type  Ret_packet   recID           7   pktID         25   srcID           9   dstID 4294967295   preID          0   nexID          7
time         170   type   Res_packet   senID           7   pktID         26   srcID           7   dstID          9   preID          7   nexID          0
time         180   type  Res_packet   recID           0   pktID         26   srcID           7   dstID          9   preID          7   nexID          0
time         180   type   Res_packet   senID           0   pktID         26   srcID           7   dstID          9   preID          0   nexID          2
time         190   type  Res_packet   recID           2   pktID         26   srcID           7   dstID          9   preID          0   nexID          2
time         190   type   Res_packet   senID           2   pktID         26   srcID           7   dstID          9   preID          2   nexID          9

time         200   type  Res_packet   recID           9   pktID         26   srcID           7   dstID          9   preID          2   nexID          9
time         200   type Hello_packet   recID           3   pktID          6   srcID           3   dstID 4294967295   preID          3   nexID 4294967295
time         200   type  Hello_packet   senID           3   pktID          6   srcID           3   dstID 4294967295   preID          3   nexID 4294967295
time         200   type    GR_packet   senID           9   pktID         24   srcID           9   dstID          3   preID          9   nexID          2
time         210   type Hello_packet   recID           0   pktID          6   srcID           3   dstID 4294967295   preID          3   nexID 4294967295
time         210   type Hello_packet   recID           1   pktID          6   srcID           3   dstID 4294967295   preID          3   nexID 4294967295
time         210   type   GR_packet   recID           2   pktID         24   srcID           9   dstID          3   preID          9   nexID          2
time         210   type    GR_packet   senID           2   pktID         24   srcID           9   dstID          3   preID          2   nexID          0
time         220   type   GR_packet   recID           0   pktID         24   srcID           9   dstID          3   preID          2   nexID          0
time         220   type    GR_packet   senID           0   pktID         24   srcID           9   dstID          3   preID          0   nexID          3
time         230   type   GR_packet   recID           3   pktID         24   srcID           9   dstID          3   preID          0   nexID          3